<?xml version="1.0" encoding="UTF-8"?>
<!-- Generated by org.testng.reporters.JUnitXMLReporter -->
<testsuite hostname="LAPTOP-PCPPKKIT" ignored="1" name="Default test" tests="1" failures="0" timestamp="30 Oct 2020 00:56:36 GMT" time="0.621" errors="0">
  <testcase name="dataProviderExample" time="0.0" classname="testNG.concepts.TestNGDataDrivenConcepts">
    <skipped/>
  </testcase> <!-- dataProviderExample -->
  <testcase name="parametersExample" time="0.0" classname="testNG.concepts.TestNGDataDrivenConcepts">
    <ignored/>
  </testcase> <!-- parametersExample -->
</testsuite> <!-- Default test -->
